app/build/intermediates/manifest_merge_blame_file/debug/manifest-merger-blame-debug-report.txt
1<?xml version="1.0" encoding="utf-8"?>
2<manifest xmlns:android="http://schemas.android.com/apk/res/android"
3    package="dk.itu.shopping"
4    android:versionCode="1"
5    android:versionName="1.0" >
6
7    <uses-sdk
8        android:minSdkVersion="21"
8-->src\main\AndroidManifest.xml
9        android:targetSdkVersion="34" />
9-->src\main\AndroidManifest.xml
10
11    <uses-permission android:name="android.permission.INTERNET" />
11-->src\main\AndroidManifest.xml:3:5-66
11-->src\main\AndroidManifest.xml:3:22-64
12
13    <application
13-->src\main\AndroidManifest.xml:6:5-22:19
14        android:allowBackup="true"
14-->src\main\AndroidManifest.xml:7:9-35
15        android:appComponentFactory="androidx.core.app.CoreComponentFactory"
15-->[androidx.core:core:1.8.0] AndroidManifest.xml:24:18-86
16        android:debuggable="true"
17        android:enableOnBackInvokedCallback="true"
17-->src\main\AndroidManifest.xml:8:9-51
18        android:icon="@mipmap/ic_launcher"
18-->src\main\AndroidManifest.xml:9:9-43
19        android:label="@string/app_name"
19-->src\main\AndroidManifest.xml:10:9-41
20        android:roundIcon="@mipmap/ic_launcher_round"
20-->src\main\AndroidManifest.xml:11:9-54
21        android:supportsRtl="true"
21-->src\main\AndroidManifest.xml:12:9-35
22        android:testOnly="true"
23        android:theme="@style/Theme.Shopping" >
23-->src\main\AndroidManifest.xml:13:9-46
24        <activity
24-->src\main\AndroidManifest.xml:14:9-21:20
25            android:name="dk.itu.shopping.MainActivity"
25-->src\main\AndroidManifest.xml:14:19-47
26            android:exported="true"
26-->src\main\AndroidManifest.xml:15:13-36
27            android:screenOrientation="sensor" >
27-->src\main\AndroidManifest.xml:16:13-47
28            <intent-filter>
28-->src\main\AndroidManifest.xml:17:13-20:29
29                <action android:name="android.intent.action.MAIN" />
29-->src\main\AndroidManifest.xml:18:17-69
29-->src\main\AndroidManifest.xml:18:25-66
30
31                <category android:name="android.intent.category.LAUNCHER" />
31-->src\main\AndroidManifest.xml:19:17-77
31-->src\main\AndroidManifest.xml:19:27-74
32            </intent-filter>
33        </activity>
34
35        <provider
35-->[androidx.emoji2:emoji2:1.0.0] AndroidManifest.xml:26:9-34:20
36            android:name="androidx.startup.InitializationProvider"
36-->[androidx.emoji2:emoji2:1.0.0] AndroidManifest.xml:27:13-67
37            android:authorities="dk.itu.shopping.androidx-startup"
37-->[androidx.emoji2:emoji2:1.0.0] AndroidManifest.xml:28:13-68
38            android:exported="false" >
38-->[androidx.emoji2:emoji2:1.0.0] AndroidManifest.xml:29:13-37
39            <meta-data
39-->[androidx.emoji2:emoji2:1.0.0] AndroidManifest.xml:31:13-33:52
40                android:name="androidx.emoji2.text.EmojiCompatInitializer"
40-->[androidx.emoji2:emoji2:1.0.0] AndroidManifest.xml:32:17-75
41                android:value="androidx.startup" />
41-->[androidx.emoji2:emoji2:1.0.0] AndroidManifest.xml:33:17-49
42            <meta-data
42-->[androidx.lifecycle:lifecycle-process:2.6.2] AndroidManifest.xml:29:13-31:52
43                android:name="androidx.lifecycle.ProcessLifecycleInitializer"
43-->[androidx.lifecycle:lifecycle-process:2.6.2] AndroidManifest.xml:30:17-78
44                android:value="androidx.startup" />
44-->[androidx.lifecycle:lifecycle-process:2.6.2] AndroidManifest.xml:31:17-49
45            <meta-data
45-->[androidx.profileinstaller:profileinstaller:1.3.0] AndroidManifest.xml:29:13-31:52
46                android:name="androidx.profileinstaller.ProfileInstallerInitializer"
46-->[androidx.profileinstaller:profileinstaller:1.3.0] AndroidManifest.xml:30:17-85
47                android:value="androidx.startup" />
47-->[androidx.profileinstaller:profileinstaller:1.3.0] AndroidManifest.xml:31:17-49
48        </provider>
49
50        <uses-library
50-->[androidx.window:window:1.0.0] AndroidManifest.xml:25:9-27:40
51            android:name="androidx.window.extensions"
51-->[androidx.window:window:1.0.0] AndroidManifest.xml:26:13-54
52            android:required="false" />
52-->[androidx.window:window:1.0.0] AndroidManifest.xml:27:13-37
53        <uses-library
53-->[androidx.window:window:1.0.0] AndroidManifest.xml:28:9-30:40
54            android:name="androidx.window.sidecar"
54-->[androidx.window:window:1.0.0] AndroidManifest.xml:29:13-51
55            android:required="false" />
55-->[androidx.window:window:1.0.0] AndroidManifest.xml:30:13-37
56
57        <receiver
57-->[androidx.profileinstaller:profileinstaller:1.3.0] AndroidManifest.xml:34:9-52:20
58            android:name="androidx.profileinstaller.ProfileInstallReceiver"
58-->[androidx.profileinstaller:profileinstaller:1.3.0] AndroidManifest.xml:35:13-76
59            android:directBootAware="false"
59-->[androidx.profileinstaller:profileinstaller:1.3.0] AndroidManifest.xml:36:13-44
60            android:enabled="true"
60-->[androidx.profileinstaller:profileinstaller:1.3.0] AndroidManifest.xml:37:13-35
61            android:exported="true"
61-->[androidx.profileinstaller:profileinstaller:1.3.0] AndroidManifest.xml:38:13-36
62            android:permission="android.permission.DUMP" >
62-->[androidx.profileinstaller:profileinstaller:1.3.0] AndroidManifest.xml:39:13-57
63            <intent-filter>
63-->[androidx.profileinstaller:profileinstaller:1.3.0] AndroidManifest.xml:40:13-42:29
64                <action android:name="androidx.profileinstaller.action.INSTALL_PROFILE" />
64-->[androidx.profileinstaller:profileinstaller:1.3.0] AndroidManifest.xml:41:17-91
64-->[androidx.profileinstaller:profileinstaller:1.3.0] AndroidManifest.xml:41:25-88
65            </intent-filter>
66            <intent-filter>
66-->[androidx.profileinstaller:profileinstaller:1.3.0] AndroidManifest.xml:43:13-45:29
67                <action android:name="androidx.profileinstaller.action.SKIP_FILE" />
67-->[androidx.profileinstaller:profileinstaller:1.3.0] AndroidManifest.xml:44:17-85
67-->[androidx.profileinstaller:profileinstaller:1.3.0] AndroidManifest.xml:44:25-82
68            </intent-filter>
69            <intent-filter>
69-->[androidx.profileinstaller:profileinstaller:1.3.0] AndroidManifest.xml:46:13-48:29
70                <action android:name="androidx.profileinstaller.action.SAVE_PROFILE" />
70-->[androidx.profileinstaller:profileinstaller:1.3.0] AndroidManifest.xml:47:17-88
70-->[androidx.profileinstaller:profileinstaller:1.3.0] AndroidManifest.xml:47:25-85
71            </intent-filter>
72            <intent-filter>
72-->[androidx.profileinstaller:profileinstaller:1.3.0] AndroidManifest.xml:49:13-51:29
73                <action android:name="androidx.profileinstaller.action.BENCHMARK_OPERATION" />
73-->[androidx.profileinstaller:profileinstaller:1.3.0] AndroidManifest.xml:50:17-95
73-->[androidx.profileinstaller:profileinstaller:1.3.0] AndroidManifest.xml:50:25-92
74            </intent-filter>
75        </receiver>
76    </application>
77
78</manifest>